running egg_info
writing ../../build/imu_pkg/imu_pkg.egg-info/PKG-INFO
writing dependency_links to ../../build/imu_pkg/imu_pkg.egg-info/dependency_links.txt
writing entry points to ../../build/imu_pkg/imu_pkg.egg-info/entry_points.txt
writing requirements to ../../build/imu_pkg/imu_pkg.egg-info/requires.txt
writing top-level names to ../../build/imu_pkg/imu_pkg.egg-info/top_level.txt
reading manifest file '../../build/imu_pkg/imu_pkg.egg-info/SOURCES.txt'
writing manifest file '../../build/imu_pkg/imu_pkg.egg-info/SOURCES.txt'
running build
running build_py
copying imu_pkg/Serial_node_imu.py -> /home/rajwardhan/imuros2/build/imu_pkg/build/lib/imu_pkg
running install
running install_lib
copying /home/rajwardhan/imuros2/build/imu_pkg/build/lib/imu_pkg/Serial_node_imu.py -> /home/rajwardhan/imuros2/install/imu_pkg/lib/python3.10/site-packages/imu_pkg
byte-compiling /home/rajwardhan/imuros2/install/imu_pkg/lib/python3.10/site-packages/imu_pkg/Serial_node_imu.py to Serial_node_imu.cpython-310.pyc
running install_data
running install_egg_info
removing '/home/rajwardhan/imuros2/install/imu_pkg/lib/python3.10/site-packages/imu_pkg-0.0.0-py3.10.egg-info' (and everything under it)
Copying ../../build/imu_pkg/imu_pkg.egg-info to /home/rajwardhan/imuros2/install/imu_pkg/lib/python3.10/site-packages/imu_pkg-0.0.0-py3.10.egg-info
running install_scripts
Installing serial_node_imu script to /home/rajwardhan/imuros2/install/imu_pkg/lib/imu_pkg
Installing serial_node_rotor script to /home/rajwardhan/imuros2/install/imu_pkg/lib/imu_pkg
writing list of installed files to '/home/rajwardhan/imuros2/build/imu_pkg/install.log'
