[0.333s] Invoking command in '/home/rajwardhan/imuros2/src/imu_pkg': PYTHONPATH=/home/rajwardhan/imuros2/build/imu_pkg/prefix_override:/usr/lib/python3/dist-packages/colcon_core/task/python/colcon_distutils_commands:/home/rajwardhan/imuros2/install/imu_pkg/lib/python3.10/site-packages:${PYTHONPATH} /usr/bin/python3 -W ignore:setup.py install is deprecated -W ignore:easy_install command is deprecated setup.py egg_info --egg-base ../../build/imu_pkg build --build-base /home/rajwardhan/imuros2/build/imu_pkg/build install --record /home/rajwardhan/imuros2/build/imu_pkg/install.log --single-version-externally-managed install_data
[0.462s] running egg_info
[0.462s] writing ../../build/imu_pkg/imu_pkg.egg-info/PKG-INFO
[0.462s] writing dependency_links to ../../build/imu_pkg/imu_pkg.egg-info/dependency_links.txt
[0.462s] writing entry points to ../../build/imu_pkg/imu_pkg.egg-info/entry_points.txt
[0.462s] writing requirements to ../../build/imu_pkg/imu_pkg.egg-info/requires.txt
[0.462s] writing top-level names to ../../build/imu_pkg/imu_pkg.egg-info/top_level.txt
[0.463s] reading manifest file '../../build/imu_pkg/imu_pkg.egg-info/SOURCES.txt'
[0.463s] writing manifest file '../../build/imu_pkg/imu_pkg.egg-info/SOURCES.txt'
[0.463s] running build
[0.464s] running build_py
[0.464s] copying imu_pkg/Serial_node_imu.py -> /home/rajwardhan/imuros2/build/imu_pkg/build/lib/imu_pkg
[0.464s] running install
[0.464s] running install_lib
[0.464s] copying /home/rajwardhan/imuros2/build/imu_pkg/build/lib/imu_pkg/Serial_node_imu.py -> /home/rajwardhan/imuros2/install/imu_pkg/lib/python3.10/site-packages/imu_pkg
[0.465s] byte-compiling /home/rajwardhan/imuros2/install/imu_pkg/lib/python3.10/site-packages/imu_pkg/Serial_node_imu.py to Serial_node_imu.cpython-310.pyc
[0.465s] running install_data
[0.465s] running install_egg_info
[0.466s] removing '/home/rajwardhan/imuros2/install/imu_pkg/lib/python3.10/site-packages/imu_pkg-0.0.0-py3.10.egg-info' (and everything under it)
[0.466s] Copying ../../build/imu_pkg/imu_pkg.egg-info to /home/rajwardhan/imuros2/install/imu_pkg/lib/python3.10/site-packages/imu_pkg-0.0.0-py3.10.egg-info
[0.466s] running install_scripts
[0.478s] Installing serial_node_imu script to /home/rajwardhan/imuros2/install/imu_pkg/lib/imu_pkg
[0.478s] Installing serial_node_rotor script to /home/rajwardhan/imuros2/install/imu_pkg/lib/imu_pkg
[0.478s] writing list of installed files to '/home/rajwardhan/imuros2/build/imu_pkg/install.log'
[0.489s] Invoked command in '/home/rajwardhan/imuros2/src/imu_pkg' returned '0': PYTHONPATH=/home/rajwardhan/imuros2/build/imu_pkg/prefix_override:/usr/lib/python3/dist-packages/colcon_core/task/python/colcon_distutils_commands:/home/rajwardhan/imuros2/install/imu_pkg/lib/python3.10/site-packages:${PYTHONPATH} /usr/bin/python3 -W ignore:setup.py install is deprecated -W ignore:easy_install command is deprecated setup.py egg_info --egg-base ../../build/imu_pkg build --build-base /home/rajwardhan/imuros2/build/imu_pkg/build install --record /home/rajwardhan/imuros2/build/imu_pkg/install.log --single-version-externally-managed install_data
