[0.383s] Invoking command in '/home/rajwardhan/localisation_pkg/src/local_pkg': PYTHONPATH=/home/rajwardhan/localisation_pkg/build/localisation_pkg/prefix_override:/usr/lib/python3/dist-packages/colcon_core/task/python/colcon_distutils_commands:/home/rajwardhan/localisation_pkg/install/localisation_pkg/lib/python3.10/site-packages:${PYTHONPATH} /usr/bin/python3 -W ignore:setup.py install is deprecated -W ignore:easy_install command is deprecated setup.py egg_info --egg-base ../../build/localisation_pkg build --build-base /home/rajwardhan/localisation_pkg/build/localisation_pkg/build install --record /home/rajwardhan/localisation_pkg/build/localisation_pkg/install.log --single-version-externally-managed install_data
[0.501s] running egg_info
[0.501s] creating ../../build/localisation_pkg/local_pkg.egg-info
[0.508s] writing ../../build/localisation_pkg/local_pkg.egg-info/PKG-INFO
[0.508s] writing dependency_links to ../../build/localisation_pkg/local_pkg.egg-info/dependency_links.txt
[0.508s] writing entry points to ../../build/localisation_pkg/local_pkg.egg-info/entry_points.txt
[0.508s] writing requirements to ../../build/localisation_pkg/local_pkg.egg-info/requires.txt
[0.509s] writing top-level names to ../../build/localisation_pkg/local_pkg.egg-info/top_level.txt
[0.509s] writing manifest file '../../build/localisation_pkg/local_pkg.egg-info/SOURCES.txt'
[0.523s] reading manifest file '../../build/localisation_pkg/local_pkg.egg-info/SOURCES.txt'
[0.523s] writing manifest file '../../build/localisation_pkg/local_pkg.egg-info/SOURCES.txt'
[0.523s] running build
[0.523s] running build_py
[0.523s] creating /home/rajwardhan/localisation_pkg/build/localisation_pkg/build
[0.523s] creating /home/rajwardhan/localisation_pkg/build/localisation_pkg/build/lib
[0.523s] creating /home/rajwardhan/localisation_pkg/build/localisation_pkg/build/lib/local_pkg
[0.523s] copying local_pkg/Serial_node_imu.py -> /home/rajwardhan/localisation_pkg/build/localisation_pkg/build/lib/local_pkg
[0.523s] copying local_pkg/__init__.py -> /home/rajwardhan/localisation_pkg/build/localisation_pkg/build/lib/local_pkg
[0.523s] copying local_pkg/Serial_node_rotor.py -> /home/rajwardhan/localisation_pkg/build/localisation_pkg/build/lib/local_pkg
[0.523s] running install
[0.526s] running install_lib
[0.533s] creating /home/rajwardhan/localisation_pkg/install/localisation_pkg/lib/python3.10/site-packages/local_pkg
[0.533s] copying /home/rajwardhan/localisation_pkg/build/localisation_pkg/build/lib/local_pkg/Serial_node_imu.py -> /home/rajwardhan/localisation_pkg/install/localisation_pkg/lib/python3.10/site-packages/local_pkg
[0.534s] copying /home/rajwardhan/localisation_pkg/build/localisation_pkg/build/lib/local_pkg/__init__.py -> /home/rajwardhan/localisation_pkg/install/localisation_pkg/lib/python3.10/site-packages/local_pkg
[0.534s] copying /home/rajwardhan/localisation_pkg/build/localisation_pkg/build/lib/local_pkg/Serial_node_rotor.py -> /home/rajwardhan/localisation_pkg/install/localisation_pkg/lib/python3.10/site-packages/local_pkg
[0.534s] byte-compiling /home/rajwardhan/localisation_pkg/install/localisation_pkg/lib/python3.10/site-packages/local_pkg/Serial_node_imu.py to Serial_node_imu.cpython-310.pyc
[0.534s] byte-compiling /home/rajwardhan/localisation_pkg/install/localisation_pkg/lib/python3.10/site-packages/local_pkg/__init__.py to __init__.cpython-310.pyc
[0.534s] byte-compiling /home/rajwardhan/localisation_pkg/install/localisation_pkg/lib/python3.10/site-packages/local_pkg/Serial_node_rotor.py to Serial_node_rotor.cpython-310.pyc
[0.534s] running install_data
[0.535s] error: can't copy 'resource/local_pkg': doesn't exist or not a regular file
[0.545s] Invoked command in '/home/rajwardhan/localisation_pkg/src/local_pkg' returned '1': PYTHONPATH=/home/rajwardhan/localisation_pkg/build/localisation_pkg/prefix_override:/usr/lib/python3/dist-packages/colcon_core/task/python/colcon_distutils_commands:/home/rajwardhan/localisation_pkg/install/localisation_pkg/lib/python3.10/site-packages:${PYTHONPATH} /usr/bin/python3 -W ignore:setup.py install is deprecated -W ignore:easy_install command is deprecated setup.py egg_info --egg-base ../../build/localisation_pkg build --build-base /home/rajwardhan/localisation_pkg/build/localisation_pkg/build install --record /home/rajwardhan/localisation_pkg/build/localisation_pkg/install.log --single-version-externally-managed install_data
