running egg_info
creating ../../build/imu_pkg/imu_pkg.egg-info
writing ../../build/imu_pkg/imu_pkg.egg-info/PKG-INFO
writing dependency_links to ../../build/imu_pkg/imu_pkg.egg-info/dependency_links.txt
writing entry points to ../../build/imu_pkg/imu_pkg.egg-info/entry_points.txt
writing requirements to ../../build/imu_pkg/imu_pkg.egg-info/requires.txt
writing top-level names to ../../build/imu_pkg/imu_pkg.egg-info/top_level.txt
writing manifest file '../../build/imu_pkg/imu_pkg.egg-info/SOURCES.txt'
reading manifest file '../../build/imu_pkg/imu_pkg.egg-info/SOURCES.txt'
writing manifest file '../../build/imu_pkg/imu_pkg.egg-info/SOURCES.txt'
running build
running build_py
creating /home/rajwardhan/imuros2/build/imu_pkg/build
creating /home/rajwardhan/imuros2/build/imu_pkg/build/lib
creating /home/rajwardhan/imuros2/build/imu_pkg/build/lib/imu_pkg
copying imu_pkg/Serial_node.py -> /home/rajwardhan/imuros2/build/imu_pkg/build/lib/imu_pkg
copying imu_pkg/__init__.py -> /home/rajwardhan/imuros2/build/imu_pkg/build/lib/imu_pkg
running install
running install_lib
creating /home/rajwardhan/imuros2/install/imu_pkg/lib/python3.10/site-packages/imu_pkg
copying /home/rajwardhan/imuros2/build/imu_pkg/build/lib/imu_pkg/Serial_node.py -> /home/rajwardhan/imuros2/install/imu_pkg/lib/python3.10/site-packages/imu_pkg
copying /home/rajwardhan/imuros2/build/imu_pkg/build/lib/imu_pkg/__init__.py -> /home/rajwardhan/imuros2/install/imu_pkg/lib/python3.10/site-packages/imu_pkg
byte-compiling /home/rajwardhan/imuros2/install/imu_pkg/lib/python3.10/site-packages/imu_pkg/Serial_node.py to Serial_node.cpython-310.pyc
byte-compiling /home/rajwardhan/imuros2/install/imu_pkg/lib/python3.10/site-packages/imu_pkg/__init__.py to __init__.cpython-310.pyc
running install_data
running install_egg_info
Copying ../../build/imu_pkg/imu_pkg.egg-info to /home/rajwardhan/imuros2/install/imu_pkg/lib/python3.10/site-packages/imu_pkg-0.0.0-py3.10.egg-info
running install_scripts
Installing serial_node script to /home/rajwardhan/imuros2/install/imu_pkg/lib/imu_pkg
writing list of installed files to '/home/rajwardhan/imuros2/build/imu_pkg/install.log'
