[0.384s] Invoking command in '/home/rajwardhan/localisation_pkg/src/local_pkg': PYTHONPATH=/home/rajwardhan/localisation_pkg/build/imu_pkg/prefix_override:/usr/lib/python3/dist-packages/colcon_core/task/python/colcon_distutils_commands:/home/rajwardhan/localisation_pkg/install/imu_pkg/lib/python3.10/site-packages:${PYTHONPATH} /usr/bin/python3 -W ignore:setup.py install is deprecated -W ignore:easy_install command is deprecated setup.py egg_info --egg-base ../../build/imu_pkg build --build-base /home/rajwardhan/localisation_pkg/build/imu_pkg/build install --record /home/rajwardhan/localisation_pkg/build/imu_pkg/install.log --single-version-externally-managed install_data
[0.504s] running egg_info
[0.504s] creating ../../build/imu_pkg/local_pkg.egg-info
[0.512s] writing ../../build/imu_pkg/local_pkg.egg-info/PKG-INFO
[0.512s] writing dependency_links to ../../build/imu_pkg/local_pkg.egg-info/dependency_links.txt
[0.512s] writing entry points to ../../build/imu_pkg/local_pkg.egg-info/entry_points.txt
[0.512s] writing requirements to ../../build/imu_pkg/local_pkg.egg-info/requires.txt
[0.512s] writing top-level names to ../../build/imu_pkg/local_pkg.egg-info/top_level.txt
[0.512s] writing manifest file '../../build/imu_pkg/local_pkg.egg-info/SOURCES.txt'
[0.527s] reading manifest file '../../build/imu_pkg/local_pkg.egg-info/SOURCES.txt'
[0.528s] writing manifest file '../../build/imu_pkg/local_pkg.egg-info/SOURCES.txt'
[0.528s] running build
[0.528s] running build_py
[0.528s] creating /home/rajwardhan/localisation_pkg/build/imu_pkg/build/lib/local_pkg
[0.528s] copying local_pkg/Serial_node_imu.py -> /home/rajwardhan/localisation_pkg/build/imu_pkg/build/lib/local_pkg
[0.528s] copying local_pkg/__init__.py -> /home/rajwardhan/localisation_pkg/build/imu_pkg/build/lib/local_pkg
[0.528s] copying local_pkg/Serial_node_rotor.py -> /home/rajwardhan/localisation_pkg/build/imu_pkg/build/lib/local_pkg
[0.529s] running install
[0.531s] running install_lib
[0.539s] creating /home/rajwardhan/localisation_pkg/install/imu_pkg/lib/python3.10/site-packages/local_pkg
[0.540s] copying /home/rajwardhan/localisation_pkg/build/imu_pkg/build/lib/local_pkg/Serial_node_imu.py -> /home/rajwardhan/localisation_pkg/install/imu_pkg/lib/python3.10/site-packages/local_pkg
[0.540s] copying /home/rajwardhan/localisation_pkg/build/imu_pkg/build/lib/local_pkg/__init__.py -> /home/rajwardhan/localisation_pkg/install/imu_pkg/lib/python3.10/site-packages/local_pkg
[0.540s] copying /home/rajwardhan/localisation_pkg/build/imu_pkg/build/lib/local_pkg/Serial_node_rotor.py -> /home/rajwardhan/localisation_pkg/install/imu_pkg/lib/python3.10/site-packages/local_pkg
[0.540s] byte-compiling /home/rajwardhan/localisation_pkg/install/imu_pkg/lib/python3.10/site-packages/local_pkg/Serial_node_imu.py to Serial_node_imu.cpython-310.pyc
[0.540s] byte-compiling /home/rajwardhan/localisation_pkg/install/imu_pkg/lib/python3.10/site-packages/local_pkg/__init__.py to __init__.cpython-310.pyc
[0.540s] byte-compiling /home/rajwardhan/localisation_pkg/install/imu_pkg/lib/python3.10/site-packages/local_pkg/Serial_node_rotor.py to Serial_node_rotor.cpython-310.pyc
[0.540s] running install_data
[0.540s] error: can't copy 'resource/local_pkg': doesn't exist or not a regular file
[0.551s] Invoked command in '/home/rajwardhan/localisation_pkg/src/local_pkg' returned '1': PYTHONPATH=/home/rajwardhan/localisation_pkg/build/imu_pkg/prefix_override:/usr/lib/python3/dist-packages/colcon_core/task/python/colcon_distutils_commands:/home/rajwardhan/localisation_pkg/install/imu_pkg/lib/python3.10/site-packages:${PYTHONPATH} /usr/bin/python3 -W ignore:setup.py install is deprecated -W ignore:easy_install command is deprecated setup.py egg_info --egg-base ../../build/imu_pkg build --build-base /home/rajwardhan/localisation_pkg/build/imu_pkg/build install --record /home/rajwardhan/localisation_pkg/build/imu_pkg/install.log --single-version-externally-managed install_data
