[0.134s] DEBUG:colcon:Command line arguments: ['/usr/bin/colcon', 'list', '-p', '--base-paths', '/home/rajwardhan/imuros2']
[0.134s] DEBUG:colcon:Parsed command line arguments: Namespace(log_base=None, log_level=None, verb_name='list', build_base='build', ignore_user_meta=False, metas=['./colcon.meta'], base_paths=['/home/rajwardhan/imuros2'], packages_ignore=None, packages_ignore_regex=None, paths=None, packages_up_to=None, packages_up_to_regex=None, packages_above=None, packages_above_and_dependencies=None, packages_above_depth=None, packages_select_by_dep=None, packages_skip_by_dep=None, packages_skip_up_to=None, packages_select_build_failed=False, packages_skip_build_finished=False, packages_select_test_failures=False, packages_skip_test_passed=False, packages_select=None, packages_skip=None, packages_select_regex=None, packages_skip_regex=None, packages_start=None, packages_end=None, allow_overriding=[], topological_order=False, names_only=False, paths_only=True, topological_graph=False, topological_graph_dot=False, topological_graph_density=False, topological_graph_legend=False, topological_graph_dot_cluster=False, topological_graph_dot_include_skipped=False, mixin_files=None, mixin=None, verb_parser=<colcon_mixin.mixin.mixin_argument.MixinArgumentDecorator object at 0x79cacb6fbfa0>, verb_extension=<colcon_package_information.verb.list.ListVerb object at 0x79cacb840400>, main=<bound method ListVerb.main of <colcon_package_information.verb.list.ListVerb object at 0x79cacb840400>>, mixin_verb=('list',))
[0.374s] Level 1:colcon.colcon_core.package_discovery:discover_packages(colcon_meta) check parameters
[0.374s] Level 1:colcon.colcon_core.package_discovery:discover_packages(recursive) check parameters
[0.375s] Level 1:colcon.colcon_core.package_discovery:discover_packages(ignore) check parameters
[0.375s] Level 1:colcon.colcon_core.package_discovery:discover_packages(path) check parameters
[0.375s] Level 1:colcon.colcon_core.package_discovery:discover_packages(recursive) discover
[0.375s] INFO:colcon.colcon_core.package_discovery:Crawling recursively for packages in '/home/rajwardhan/imuros2'
[0.375s] Level 1:colcon.colcon_core.package_identification:_identify(/home/rajwardhan/imuros2) by extensions ['ignore', 'ignore_ament_install']
[0.375s] Level 1:colcon.colcon_core.package_identification:_identify(/home/rajwardhan/imuros2) by extension 'ignore'
[0.375s] Level 1:colcon.colcon_core.package_identification:_identify(/home/rajwardhan/imuros2) by extension 'ignore_ament_install'
[0.375s] Level 1:colcon.colcon_core.package_identification:_identify(/home/rajwardhan/imuros2) by extensions ['colcon_pkg']
[0.375s] Level 1:colcon.colcon_core.package_identification:_identify(/home/rajwardhan/imuros2) by extension 'colcon_pkg'
[0.375s] Level 1:colcon.colcon_core.package_identification:_identify(/home/rajwardhan/imuros2) by extensions ['colcon_meta']
[0.375s] Level 1:colcon.colcon_core.package_identification:_identify(/home/rajwardhan/imuros2) by extension 'colcon_meta'
[0.375s] Level 1:colcon.colcon_core.package_identification:_identify(/home/rajwardhan/imuros2) by extensions ['ros']
[0.375s] Level 1:colcon.colcon_core.package_identification:_identify(/home/rajwardhan/imuros2) by extension 'ros'
[0.392s] Level 1:colcon.colcon_core.package_identification:_identify(/home/rajwardhan/imuros2) by extensions ['cmake', 'python']
[0.392s] Level 1:colcon.colcon_core.package_identification:_identify(/home/rajwardhan/imuros2) by extension 'cmake'
[0.392s] Level 1:colcon.colcon_core.package_identification:_identify(/home/rajwardhan/imuros2) by extension 'python'
[0.392s] Level 1:colcon.colcon_core.package_identification:_identify(/home/rajwardhan/imuros2) by extensions ['python_setup_py']
[0.392s] Level 1:colcon.colcon_core.package_identification:_identify(/home/rajwardhan/imuros2) by extension 'python_setup_py'
[0.392s] Level 1:colcon.colcon_core.package_identification:_identify(/home/rajwardhan/imuros2/log) by extensions ['ignore', 'ignore_ament_install']
[0.392s] Level 1:colcon.colcon_core.package_identification:_identify(/home/rajwardhan/imuros2/log) by extension 'ignore'
[0.393s] Level 1:colcon.colcon_core.package_identification:_identify(/home/rajwardhan/imuros2/log) ignored
[0.393s] Level 1:colcon.colcon_core.package_identification:_identify(/home/rajwardhan/imuros2/src) by extensions ['ignore', 'ignore_ament_install']
[0.393s] Level 1:colcon.colcon_core.package_identification:_identify(/home/rajwardhan/imuros2/src) by extension 'ignore'
[0.393s] Level 1:colcon.colcon_core.package_identification:_identify(/home/rajwardhan/imuros2/src) by extension 'ignore_ament_install'
[0.393s] Level 1:colcon.colcon_core.package_identification:_identify(/home/rajwardhan/imuros2/src) by extensions ['colcon_pkg']
[0.393s] Level 1:colcon.colcon_core.package_identification:_identify(/home/rajwardhan/imuros2/src) by extension 'colcon_pkg'
[0.393s] Level 1:colcon.colcon_core.package_identification:_identify(/home/rajwardhan/imuros2/src) by extensions ['colcon_meta']
[0.393s] Level 1:colcon.colcon_core.package_identification:_identify(/home/rajwardhan/imuros2/src) by extension 'colcon_meta'
[0.393s] Level 1:colcon.colcon_core.package_identification:_identify(/home/rajwardhan/imuros2/src) by extensions ['ros']
[0.393s] Level 1:colcon.colcon_core.package_identification:_identify(/home/rajwardhan/imuros2/src) by extension 'ros'
[0.393s] Level 1:colcon.colcon_core.package_identification:_identify(/home/rajwardhan/imuros2/src) by extensions ['cmake', 'python']
[0.393s] Level 1:colcon.colcon_core.package_identification:_identify(/home/rajwardhan/imuros2/src) by extension 'cmake'
[0.394s] Level 1:colcon.colcon_core.package_identification:_identify(/home/rajwardhan/imuros2/src) by extension 'python'
[0.394s] Level 1:colcon.colcon_core.package_identification:_identify(/home/rajwardhan/imuros2/src) by extensions ['python_setup_py']
[0.394s] Level 1:colcon.colcon_core.package_identification:_identify(/home/rajwardhan/imuros2/src) by extension 'python_setup_py'
[0.394s] Level 1:colcon.colcon_core.package_identification:_identify(/home/rajwardhan/imuros2/src/imu_pkg) by extensions ['ignore', 'ignore_ament_install']
[0.394s] Level 1:colcon.colcon_core.package_identification:_identify(/home/rajwardhan/imuros2/src/imu_pkg) by extension 'ignore'
[0.394s] Level 1:colcon.colcon_core.package_identification:_identify(/home/rajwardhan/imuros2/src/imu_pkg) by extension 'ignore_ament_install'
[0.394s] Level 1:colcon.colcon_core.package_identification:_identify(/home/rajwardhan/imuros2/src/imu_pkg) by extensions ['colcon_pkg']
[0.394s] Level 1:colcon.colcon_core.package_identification:_identify(/home/rajwardhan/imuros2/src/imu_pkg) by extension 'colcon_pkg'
[0.394s] Level 1:colcon.colcon_core.package_identification:_identify(/home/rajwardhan/imuros2/src/imu_pkg) by extensions ['colcon_meta']
[0.394s] Level 1:colcon.colcon_core.package_identification:_identify(/home/rajwardhan/imuros2/src/imu_pkg) by extension 'colcon_meta'
[0.394s] Level 1:colcon.colcon_core.package_identification:_identify(/home/rajwardhan/imuros2/src/imu_pkg) by extensions ['ros']
[0.394s] Level 1:colcon.colcon_core.package_identification:_identify(/home/rajwardhan/imuros2/src/imu_pkg) by extension 'ros'
[0.398s] DEBUG:colcon.colcon_core.package_identification:Package '/home/rajwardhan/imuros2/src/imu_pkg' with type 'ros.ament_python' and name 'imu_pkg'
[0.398s] Level 1:colcon.colcon_core.package_discovery:discover_packages(recursive) using defaults
