[0.386s] Invoking command in '/home/rajwardhan/localisation_pkg/src/local_pkg': PYTHONPATH=/home/rajwardhan/localisation_pkg/build/local_pkg/prefix_override:/usr/lib/python3/dist-packages/colcon_core/task/python/colcon_distutils_commands:/home/rajwardhan/localisation_pkg/install/local_pkg/lib/python3.10/site-packages:${PYTHONPATH} /usr/bin/python3 -W ignore:setup.py install is deprecated -W ignore:easy_install command is deprecated setup.py egg_info --egg-base ../../build/local_pkg build --build-base /home/rajwardhan/localisation_pkg/build/local_pkg/build install --record /home/rajwardhan/localisation_pkg/build/local_pkg/install.log --single-version-externally-managed install_data
[0.506s] running egg_info
[0.506s] creating ../../build/local_pkg/local_pkg.egg-info
[0.514s] writing ../../build/local_pkg/local_pkg.egg-info/PKG-INFO
[0.514s] writing dependency_links to ../../build/local_pkg/local_pkg.egg-info/dependency_links.txt
[0.514s] writing entry points to ../../build/local_pkg/local_pkg.egg-info/entry_points.txt
[0.514s] writing requirements to ../../build/local_pkg/local_pkg.egg-info/requires.txt
[0.514s] writing top-level names to ../../build/local_pkg/local_pkg.egg-info/top_level.txt
[0.514s] writing manifest file '../../build/local_pkg/local_pkg.egg-info/SOURCES.txt'
[0.529s] reading manifest file '../../build/local_pkg/local_pkg.egg-info/SOURCES.txt'
[0.529s] writing manifest file '../../build/local_pkg/local_pkg.egg-info/SOURCES.txt'
[0.529s] running build
[0.529s] running build_py
[0.529s] creating /home/rajwardhan/localisation_pkg/build/local_pkg/build
[0.530s] creating /home/rajwardhan/localisation_pkg/build/local_pkg/build/lib
[0.530s] creating /home/rajwardhan/localisation_pkg/build/local_pkg/build/lib/local_pkg
[0.530s] copying local_pkg/Serial_node_imu.py -> /home/rajwardhan/localisation_pkg/build/local_pkg/build/lib/local_pkg
[0.530s] copying local_pkg/__init__.py -> /home/rajwardhan/localisation_pkg/build/local_pkg/build/lib/local_pkg
[0.530s] copying local_pkg/Serial_node_rotor.py -> /home/rajwardhan/localisation_pkg/build/local_pkg/build/lib/local_pkg
[0.530s] running install
[0.533s] running install_lib
[0.541s] creating /home/rajwardhan/localisation_pkg/install/local_pkg/lib/python3.10/site-packages/local_pkg
[0.541s] copying /home/rajwardhan/localisation_pkg/build/local_pkg/build/lib/local_pkg/Serial_node_imu.py -> /home/rajwardhan/localisation_pkg/install/local_pkg/lib/python3.10/site-packages/local_pkg
[0.541s] copying /home/rajwardhan/localisation_pkg/build/local_pkg/build/lib/local_pkg/__init__.py -> /home/rajwardhan/localisation_pkg/install/local_pkg/lib/python3.10/site-packages/local_pkg
[0.541s] copying /home/rajwardhan/localisation_pkg/build/local_pkg/build/lib/local_pkg/Serial_node_rotor.py -> /home/rajwardhan/localisation_pkg/install/local_pkg/lib/python3.10/site-packages/local_pkg
[0.541s] byte-compiling /home/rajwardhan/localisation_pkg/install/local_pkg/lib/python3.10/site-packages/local_pkg/Serial_node_imu.py to Serial_node_imu.cpython-310.pyc
[0.542s] byte-compiling /home/rajwardhan/localisation_pkg/install/local_pkg/lib/python3.10/site-packages/local_pkg/__init__.py to __init__.cpython-310.pyc
[0.542s] byte-compiling /home/rajwardhan/localisation_pkg/install/local_pkg/lib/python3.10/site-packages/local_pkg/Serial_node_rotor.py to Serial_node_rotor.cpython-310.pyc
[0.542s] running install_data
[0.542s] creating /home/rajwardhan/localisation_pkg/install/local_pkg/share/ament_index
[0.542s] creating /home/rajwardhan/localisation_pkg/install/local_pkg/share/ament_index/resource_index
[0.542s] creating /home/rajwardhan/localisation_pkg/install/local_pkg/share/ament_index/resource_index/packages
[0.542s] error: can't copy 'resource/local_pkg': doesn't exist or not a regular file
[0.552s] Invoked command in '/home/rajwardhan/localisation_pkg/src/local_pkg' returned '1': PYTHONPATH=/home/rajwardhan/localisation_pkg/build/local_pkg/prefix_override:/usr/lib/python3/dist-packages/colcon_core/task/python/colcon_distutils_commands:/home/rajwardhan/localisation_pkg/install/local_pkg/lib/python3.10/site-packages:${PYTHONPATH} /usr/bin/python3 -W ignore:setup.py install is deprecated -W ignore:easy_install command is deprecated setup.py egg_info --egg-base ../../build/local_pkg build --build-base /home/rajwardhan/localisation_pkg/build/local_pkg/build install --record /home/rajwardhan/localisation_pkg/build/local_pkg/install.log --single-version-externally-managed install_data
