[0.399s] Invoking command in '/home/rajwardhan/localisation_pkg/build/local_pkg': PYTHONPATH=/home/rajwardhan/localisation_pkg/build/local_pkg/prefix_override:/usr/lib/python3/dist-packages/colcon_core/task/python/colcon_distutils_commands:/home/rajwardhan/localisation_pkg/install/local_pkg/lib/python3.10/site-packages:${PYTHONPATH} /usr/bin/python3 -W ignore:setup.py install is deprecated -W ignore:easy_install command is deprecated setup.py develop --uninstall --editable --build-directory /home/rajwardhan/localisation_pkg/build/local_pkg/build
[0.562s] running develop
[0.672s] Removing /home/rajwardhan/localisation_pkg/install/local_pkg/lib/python3.10/site-packages/local_pkg.egg-link (link to .)
[0.687s] Invoked command in '/home/rajwardhan/localisation_pkg/build/local_pkg' returned '0': PYTHONPATH=/home/rajwardhan/localisation_pkg/build/local_pkg/prefix_override:/usr/lib/python3/dist-packages/colcon_core/task/python/colcon_distutils_commands:/home/rajwardhan/localisation_pkg/install/local_pkg/lib/python3.10/site-packages:${PYTHONPATH} /usr/bin/python3 -W ignore:setup.py install is deprecated -W ignore:easy_install command is deprecated setup.py develop --uninstall --editable --build-directory /home/rajwardhan/localisation_pkg/build/local_pkg/build
[0.688s] Invoking command in '/home/rajwardhan/localisation_pkg/src/local_pkg': PYTHONPATH=/home/rajwardhan/localisation_pkg/build/local_pkg/prefix_override:/usr/lib/python3/dist-packages/colcon_core/task/python/colcon_distutils_commands:/home/rajwardhan/localisation_pkg/install/local_pkg/lib/python3.10/site-packages:${PYTHONPATH} /usr/bin/python3 -W ignore:setup.py install is deprecated -W ignore:easy_install command is deprecated setup.py egg_info --egg-base ../../build/local_pkg build --build-base /home/rajwardhan/localisation_pkg/build/local_pkg/build install --record /home/rajwardhan/localisation_pkg/build/local_pkg/install.log --single-version-externally-managed install_data --force
[0.818s] running egg_info
[0.825s] writing ../../build/local_pkg/local_pkg.egg-info/PKG-INFO
[0.825s] writing dependency_links to ../../build/local_pkg/local_pkg.egg-info/dependency_links.txt
[0.825s] writing entry points to ../../build/local_pkg/local_pkg.egg-info/entry_points.txt
[0.826s] writing requirements to ../../build/local_pkg/local_pkg.egg-info/requires.txt
[0.826s] writing top-level names to ../../build/local_pkg/local_pkg.egg-info/top_level.txt
[0.841s] reading manifest file '../../build/local_pkg/local_pkg.egg-info/SOURCES.txt'
[0.841s] writing manifest file '../../build/local_pkg/local_pkg.egg-info/SOURCES.txt'
[0.841s] running build
[0.841s] running build_py
[0.841s] copying local_pkg/Serial_node_imu.py -> /home/rajwardhan/localisation_pkg/build/local_pkg/build/lib/local_pkg
[0.841s] copying local_pkg/__init__.py -> /home/rajwardhan/localisation_pkg/build/local_pkg/build/lib/local_pkg
[0.842s] copying local_pkg/Serial_node_rotor.py -> /home/rajwardhan/localisation_pkg/build/local_pkg/build/lib/local_pkg
[0.842s] running install
[0.845s] running install_lib
[0.852s] creating /home/rajwardhan/localisation_pkg/install/local_pkg/lib/python3.10/site-packages/local_pkg
[0.852s] copying /home/rajwardhan/localisation_pkg/build/local_pkg/build/lib/local_pkg/Serial_node_imu.py -> /home/rajwardhan/localisation_pkg/install/local_pkg/lib/python3.10/site-packages/local_pkg
[0.852s] copying /home/rajwardhan/localisation_pkg/build/local_pkg/build/lib/local_pkg/__init__.py -> /home/rajwardhan/localisation_pkg/install/local_pkg/lib/python3.10/site-packages/local_pkg
[0.852s] copying /home/rajwardhan/localisation_pkg/build/local_pkg/build/lib/local_pkg/Serial_node_rotor.py -> /home/rajwardhan/localisation_pkg/install/local_pkg/lib/python3.10/site-packages/local_pkg
[0.853s] byte-compiling /home/rajwardhan/localisation_pkg/install/local_pkg/lib/python3.10/site-packages/local_pkg/Serial_node_imu.py to Serial_node_imu.cpython-310.pyc
[0.853s] byte-compiling /home/rajwardhan/localisation_pkg/install/local_pkg/lib/python3.10/site-packages/local_pkg/__init__.py to __init__.cpython-310.pyc
[0.853s] byte-compiling /home/rajwardhan/localisation_pkg/install/local_pkg/lib/python3.10/site-packages/local_pkg/Serial_node_rotor.py to Serial_node_rotor.cpython-310.pyc
[0.853s] running install_data
[0.853s] copying resource/local_pkg -> /home/rajwardhan/localisation_pkg/install/local_pkg/share/ament_index/resource_index/packages
[0.853s] copying package.xml -> /home/rajwardhan/localisation_pkg/install/local_pkg/share/local_pkg
[0.853s] running install_egg_info
[0.862s] Copying ../../build/local_pkg/local_pkg.egg-info to /home/rajwardhan/localisation_pkg/install/local_pkg/lib/python3.10/site-packages/local_pkg-0.0.0-py3.10.egg-info
[0.862s] running install_scripts
[0.937s] Installing serial_node_imu script to /home/rajwardhan/localisation_pkg/install/local_pkg/lib/local_pkg
[0.937s] Installing serial_node_rotor script to /home/rajwardhan/localisation_pkg/install/local_pkg/lib/local_pkg
[0.937s] writing list of installed files to '/home/rajwardhan/localisation_pkg/build/local_pkg/install.log'
[0.953s] Invoked command in '/home/rajwardhan/localisation_pkg/src/local_pkg' returned '0': PYTHONPATH=/home/rajwardhan/localisation_pkg/build/local_pkg/prefix_override:/usr/lib/python3/dist-packages/colcon_core/task/python/colcon_distutils_commands:/home/rajwardhan/localisation_pkg/install/local_pkg/lib/python3.10/site-packages:${PYTHONPATH} /usr/bin/python3 -W ignore:setup.py install is deprecated -W ignore:easy_install command is deprecated setup.py egg_info --egg-base ../../build/local_pkg build --build-base /home/rajwardhan/localisation_pkg/build/local_pkg/build install --record /home/rajwardhan/localisation_pkg/build/local_pkg/install.log --single-version-externally-managed install_data --force
