running egg_info
writing ../../build/local_pkg/local_pkg.egg-info/PKG-INFO
writing dependency_links to ../../build/local_pkg/local_pkg.egg-info/dependency_links.txt
writing entry points to ../../build/local_pkg/local_pkg.egg-info/entry_points.txt
writing requirements to ../../build/local_pkg/local_pkg.egg-info/requires.txt
writing top-level names to ../../build/local_pkg/local_pkg.egg-info/top_level.txt
reading manifest file '../../build/local_pkg/local_pkg.egg-info/SOURCES.txt'
writing manifest file '../../build/local_pkg/local_pkg.egg-info/SOURCES.txt'
running build
running build_py
copying local_pkg/Serial_node_imu.py -> /home/rajwardhan/localisation_pkg/build/local_pkg/build/lib/local_pkg
copying local_pkg/__init__.py -> /home/rajwardhan/localisation_pkg/build/local_pkg/build/lib/local_pkg
copying local_pkg/Serial_node_rotor.py -> /home/rajwardhan/localisation_pkg/build/local_pkg/build/lib/local_pkg
running install
running install_lib
running install_data
copying resource/local_pkg -> /home/rajwardhan/localisation_pkg/install/local_pkg/share/ament_index/resource_index/packages
copying package.xml -> /home/rajwardhan/localisation_pkg/install/local_pkg/share/local_pkg
running install_egg_info
removing '/home/rajwardhan/localisation_pkg/install/local_pkg/lib/python3.10/site-packages/local_pkg-0.0.0-py3.10.egg-info' (and everything under it)
Copying ../../build/local_pkg/local_pkg.egg-info to /home/rajwardhan/localisation_pkg/install/local_pkg/lib/python3.10/site-packages/local_pkg-0.0.0-py3.10.egg-info
running install_scripts
Installing serial_node_imu script to /home/rajwardhan/localisation_pkg/install/local_pkg/lib/local_pkg
Installing serial_node_rotor script to /home/rajwardhan/localisation_pkg/install/local_pkg/lib/local_pkg
writing list of installed files to '/home/rajwardhan/localisation_pkg/build/local_pkg/install.log'
